c:\users\peggie\desktop\project2_gdp\graphics\gdp202324-main\code\openglismeh\openglisonfleek\x64\debug\vc143.pdb
c:\users\peggie\desktop\project2_gdp\graphics\gdp202324-main\code\openglismeh\openglisonfleek\x64\debug\vc143.idb
c:\users\peggie\desktop\project2_gdp\graphics\gdp202324-main\code\openglismeh\openglisonfleek\x64\debug\inputhandling.obj
c:\users\peggie\desktop\project2_gdp\graphics\gdp202324-main\code\openglismeh\openglisonfleek\x64\debug\smodeldrawinfo.obj
c:\users\peggie\desktop\project2_gdp\graphics\gdp202324-main\code\openglismeh\openglisonfleek\x64\debug\cvaomanager.obj
c:\users\peggie\desktop\project2_gdp\graphics\gdp202324-main\code\openglismeh\openglisonfleek\x64\debug\cphysics_update.obj
c:\users\peggie\desktop\project2_gdp\graphics\gdp202324-main\code\openglismeh\openglisonfleek\x64\debug\cphysics_sweepprune.obj
c:\users\peggie\desktop\project2_gdp\graphics\gdp202324-main\code\openglismeh\openglisonfleek\x64\debug\cphysics_intersectiontests.obj
c:\users\peggie\desktop\project2_gdp\graphics\gdp202324-main\code\openglismeh\openglisonfleek\x64\debug\cphysics_basictests.obj
c:\users\peggie\desktop\project2_gdp\graphics\gdp202324-main\code\openglismeh\openglisonfleek\x64\debug\cphysics.obj
c:\users\peggie\desktop\project2_gdp\graphics\gdp202324-main\code\openglismeh\openglisonfleek\x64\debug\cmesh.obj
c:\users\peggie\desktop\project2_gdp\graphics\gdp202324-main\code\openglismeh\openglisonfleek\x64\debug\clightmanager.obj
c:\users\peggie\desktop\project2_gdp\graphics\gdp202324-main\code\openglismeh\openglisonfleek\x64\debug\clighthelper.obj
c:\users\peggie\desktop\project2_gdp\graphics\gdp202324-main\code\openglismeh\openglisonfleek\x64\debug\cglobal.obj
c:\users\peggie\desktop\project2_gdp\graphics\gdp202324-main\code\openglismeh\openglisonfleek\x64\debug\cdebugrenderer.obj
c:\users\peggie\desktop\project2_gdp\graphics\gdp202324-main\code\openglismeh\openglisonfleek\x64\debug\cshadermanager.obj
c:\users\peggie\desktop\project2_gdp\graphics\gdp202324-main\code\openglismeh\openglisonfleek\x64\debug\cshader.obj
c:\users\peggie\desktop\project2_gdp\graphics\gdp202324-main\code\openglismeh\openglisonfleek\x64\debug\cphysics_aabb_subdivide.obj
c:\users\peggie\desktop\project2_gdp\graphics\gdp202324-main\code\openglismeh\openglisonfleek\x64\debug\chirestimer.obj
c:\users\peggie\desktop\project2_gdp\graphics\gdp202324-main\code\openglismeh\openglisonfleek\x64\debug\cevilluarobot.obj
c:\users\peggie\desktop\project2_gdp\graphics\gdp202324-main\code\openglismeh\openglisonfleek\x64\debug\ccommand_moveto.obj
c:\users\peggie\desktop\project2_gdp\graphics\gdp202324-main\code\openglismeh\openglisonfleek\x64\debug\ccommandgroup.obj
c:\users\peggie\desktop\project2_gdp\graphics\gdp202324-main\code\openglismeh\openglisonfleek\x64\debug\themain.obj
c:\users\peggie\desktop\project2_gdp\graphics\gdp202324-main\code\openglismeh\openglisonfleek\x64\debug\ctexturefrombmp.obj
c:\users\peggie\desktop\project2_gdp\graphics\gdp202324-main\code\openglismeh\openglisonfleek\x64\debug\cbasictexturemanager.obj
c:\users\peggie\desktop\project2_gdp\graphics\gdp202324-main\code\openglismeh\openglisonfleek\x64\debug\c24bitbmppixel.obj
c:\users\peggie\desktop\project2_gdp\graphics\gdp202324-main\code\openglismeh\openglisonfleek\x64\debug\sphsyicsproperties.obj
c:\users\peggie\desktop\project2_gdp\graphics\gdp202324-main\code\openglismeh\openglisonfleek\x64\debug\source.obj
c:\users\peggie\desktop\project2_gdp\graphics\gdp202324-main\code\openglismeh\openglisonfleek\x64\debug\scenepersistence.obj
c:\users\peggie\desktop\project2_gdp\graphics\gdp202324-main\code\openglismeh\openglisonfleek\x64\debug\cluabrain.obj
c:\users\peggie\desktop\project2_gdp\graphics\gdp202324-main\code\openglismeh\openglisonfleek\x64\debug\loadmodels_and_luascripts.obj
c:\users\peggie\desktop\project2_gdp\graphics\gdp202324-main\code\openglismeh\openglisonfleek\x64\debug\glad.obj
c:\users\peggie\desktop\project2_gdp\graphics\gdp202324-main\code\openglismeh\x64\debug\openglisonfleek.lib
c:\users\peggie\desktop\project2_gdp\graphics\gdp202324-main\code\openglismeh\x64\debug\openglisonfleek.exp
c:\users\peggie\desktop\project2_gdp\graphics\gdp202324-main\code\openglismeh\openglisonfleek\x64\debug\themain.new.obj.enc
c:\users\peggie\desktop\project2_gdp\graphics\gdp202324-main\code\openglismeh\x64\debug\openglisonfleek.pdb
c:\users\peggie\desktop\project2_gdp\graphics\gdp202324-main\code\openglismeh\openglisonfleek\x64\debug\openglisonfleek.tlog\cl.command.1.tlog
c:\users\peggie\desktop\project2_gdp\graphics\gdp202324-main\code\openglismeh\openglisonfleek\x64\debug\openglisonfleek.tlog\cl.items.tlog
c:\users\peggie\desktop\project2_gdp\graphics\gdp202324-main\code\openglismeh\openglisonfleek\x64\debug\openglisonfleek.tlog\cl.read.1.tlog
c:\users\peggie\desktop\project2_gdp\graphics\gdp202324-main\code\openglismeh\openglisonfleek\x64\debug\openglisonfleek.tlog\cl.write.1.tlog
c:\users\peggie\desktop\project2_gdp\graphics\gdp202324-main\code\openglismeh\openglisonfleek\x64\debug\openglisonfleek.tlog\link-cvtres.read.1.tlog
c:\users\peggie\desktop\project2_gdp\graphics\gdp202324-main\code\openglismeh\openglisonfleek\x64\debug\openglisonfleek.tlog\link-cvtres.write.1.tlog
c:\users\peggie\desktop\project2_gdp\graphics\gdp202324-main\code\openglismeh\openglisonfleek\x64\debug\openglisonfleek.tlog\link-rc.read.1.tlog
c:\users\peggie\desktop\project2_gdp\graphics\gdp202324-main\code\openglismeh\openglisonfleek\x64\debug\openglisonfleek.tlog\link-rc.write.1.tlog
c:\users\peggie\desktop\project2_gdp\graphics\gdp202324-main\code\openglismeh\openglisonfleek\x64\debug\openglisonfleek.tlog\link.32132-cvtres.read.1.tlog
c:\users\peggie\desktop\project2_gdp\graphics\gdp202324-main\code\openglismeh\openglisonfleek\x64\debug\openglisonfleek.tlog\link.32132-cvtres.write.1.tlog
c:\users\peggie\desktop\project2_gdp\graphics\gdp202324-main\code\openglismeh\openglisonfleek\x64\debug\openglisonfleek.tlog\link.32132-rc.read.1.tlog
c:\users\peggie\desktop\project2_gdp\graphics\gdp202324-main\code\openglismeh\openglisonfleek\x64\debug\openglisonfleek.tlog\link.32132-rc.write.1.tlog
c:\users\peggie\desktop\project2_gdp\graphics\gdp202324-main\code\openglismeh\openglisonfleek\x64\debug\openglisonfleek.tlog\link.32132.read.1.tlog
c:\users\peggie\desktop\project2_gdp\graphics\gdp202324-main\code\openglismeh\openglisonfleek\x64\debug\openglisonfleek.tlog\link.32132.read.2.tlog
c:\users\peggie\desktop\project2_gdp\graphics\gdp202324-main\code\openglismeh\openglisonfleek\x64\debug\openglisonfleek.tlog\link.32132.write.1.tlog
c:\users\peggie\desktop\project2_gdp\graphics\gdp202324-main\code\openglismeh\openglisonfleek\x64\debug\openglisonfleek.tlog\link.command.1.tlog
c:\users\peggie\desktop\project2_gdp\graphics\gdp202324-main\code\openglismeh\openglisonfleek\x64\debug\openglisonfleek.tlog\link.read.1.tlog
c:\users\peggie\desktop\project2_gdp\graphics\gdp202324-main\code\openglismeh\openglisonfleek\x64\debug\openglisonfleek.tlog\link.read.2.tlog
c:\users\peggie\desktop\project2_gdp\graphics\gdp202324-main\code\openglismeh\openglisonfleek\x64\debug\openglisonfleek.tlog\link.write.1.tlog
c:\users\peggie\desktop\project2_gdp\graphics\gdp202324-main\code\openglismeh\openglisonfleek\x64\debug\openglisonfleek.tlog\link.write.2u.tlog
